2018-11-23 14:58:20,687 [http-nio-8080-exec-3] INFO  marytts.main Mary starting up...
2018-11-23 14:58:20,691 [http-nio-8080-exec-3] INFO  marytts.main Specification version 5.2
2018-11-23 14:58:20,691 [http-nio-8080-exec-3] INFO  marytts.main Implementation version unknown
2018-11-23 14:58:20,691 [http-nio-8080-exec-3] INFO  marytts.main Running on a Java 1.8.0_181 implementation by Oracle Corporation, on a Windows 10 platform (amd64, 10.0)
2018-11-23 14:58:20,904 [http-nio-8080-exec-3] INFO  marytts.ModuleRegistry Now initiating mary module 'marytts.modules.Synthesis'
2018-11-23 14:58:20,916 [http-nio-8080-exec-3] INFO  marytts.ModuleRegistry Now initiating mary module 'marytts.modules.TextToMaryXML'
2018-11-23 14:58:20,917 [http-nio-8080-exec-3] INFO  marytts.ModuleRegistry Now initiating mary module 'marytts.modules.SableParser'
2018-11-23 14:58:20,919 [http-nio-8080-exec-3] INFO  marytts.ModuleRegistry Now initiating mary module 'marytts.modules.SSMLParser'
2018-11-23 14:58:20,919 [http-nio-8080-exec-3] INFO  marytts.ModuleRegistry Now initiating mary module 'marytts.modules.APMLParser'
2018-11-23 14:58:20,920 [http-nio-8080-exec-3] INFO  marytts.ModuleRegistry Now initiating mary module 'marytts.modules.EmotionmlParser'
2018-11-23 14:58:20,921 [http-nio-8080-exec-3] INFO  marytts.ModuleRegistry Now initiating mary module 'marytts.modules.JTokeniser'
2018-11-23 14:58:20,922 [http-nio-8080-exec-3] INFO  marytts.ModuleRegistry Now initiating mary module 'marytts.modules.DummyTokens2Words'
2018-11-23 14:58:20,922 [http-nio-8080-exec-3] INFO  marytts.ModuleRegistry Now initiating mary module 'marytts.modules.ProsodyGeneric'
2018-11-23 14:58:20,948 [http-nio-8080-exec-3] INFO  marytts.ModuleRegistry Now initiating mary module 'marytts.modules.PronunciationModel'
2018-11-23 14:58:20,949 [http-nio-8080-exec-3] INFO  marytts.ModuleRegistry Now initiating mary module 'marytts.modules.TargetFeatureLister'
2018-11-23 14:58:20,950 [http-nio-8080-exec-3] INFO  marytts.ModuleRegistry Now initiating mary module 'marytts.modules.HalfPhoneTargetFeatureLister'
2018-11-23 14:58:20,950 [http-nio-8080-exec-3] INFO  marytts.ModuleRegistry Now initiating mary module 'marytts.modules.AcousticModeller'
2018-11-23 14:58:20,951 [http-nio-8080-exec-3] INFO  marytts.ModuleRegistry Now initiating mary module 'marytts.modules.RealisedAcoustparamsExtractor'
2018-11-23 14:58:20,952 [http-nio-8080-exec-3] INFO  marytts.ModuleRegistry Now initiating mary module 'marytts.modules.RealisedDurationsExtractor'
2018-11-23 14:58:20,952 [http-nio-8080-exec-3] INFO  marytts.ModuleRegistry Now initiating mary module 'marytts.modules.HTSEngine'
2018-11-23 14:58:20,953 [http-nio-8080-exec-3] INFO  marytts.ModuleRegistry Now initiating mary module 'marytts.modules.PraatTextGridGenerator'
2018-11-23 14:58:20,963 [http-nio-8080-exec-3] INFO  marytts.ModuleRegistry Now initiating mary module 'marytts.language.en.JTokeniser'
2018-11-23 14:58:20,964 [http-nio-8080-exec-3] INFO  marytts.ModuleRegistry Now initiating mary module 'marytts.language.en.Preprocess'
2018-11-23 14:58:21,666 [http-nio-8080-exec-3] INFO  marytts.ModuleRegistry Now initiating mary module 'marytts.modules.JPhonemiser(en_US.)'
2018-11-23 14:58:21,668 [http-nio-8080-exec-3] INFO  marytts.JPhonemiser User dictionary '.\user-dictionaries\userdict-en_US.txt' for locale 'en_US' does not exist. Ignoring.
2018-11-23 14:58:21,994 [http-nio-8080-exec-3] INFO  marytts.ModuleRegistry Now initiating mary module 'marytts.modules.JPhonemiser(en_GB.)'
2018-11-23 14:58:21,994 [http-nio-8080-exec-3] INFO  marytts.JPhonemiser User dictionary '.\user-dictionaries\userdict-en_GB.txt' for locale 'en_GB' does not exist. Ignoring.
2018-11-23 14:58:22,034 [http-nio-8080-exec-3] INFO  marytts.ModuleRegistry Now initiating mary module 'marytts.language.en.Prosody'
2018-11-23 14:58:22,034 [http-nio-8080-exec-3] INFO  marytts.ModuleRegistry Now initiating mary module 'marytts.modules.SimplePhoneme2AP(en_US)'
2018-11-23 14:58:22,035 [http-nio-8080-exec-3] INFO  marytts.ModuleRegistry Now initiating mary module 'marytts.language.en.PronunciationModel'
2018-11-23 14:58:22,036 [http-nio-8080-exec-3] INFO  marytts.ModuleRegistry Now initiating mary module 'marytts.modules.OpenNLPPosTagger(en,en.pos)'
2018-11-23 14:58:22,059 [http-nio-8080-exec-3] INFO  marytts.UnitSelectionSynthesizer started.
2018-11-23 14:58:22,073 [http-nio-8080-exec-3] INFO  marytts.TargetFeatureLister Module started (ACOUSTPARAMS->TARGETFEATURES, locale null).
2018-11-23 14:58:22,073 [http-nio-8080-exec-3] INFO  marytts.HTSEngine Module started (TARGETFEATURES->AUDIO, locale null).
2018-11-23 14:58:22,094 [http-nio-8080-exec-3] INFO  marytts.HMMData Loading Tree Set in CARTs:
2018-11-23 14:58:22,171 [http-nio-8080-exec-3] INFO  marytts.HMMData Loading GV Model Set:
2018-11-23 14:58:22,373 [http-nio-8080-exec-3] INFO  marytts.Voice Registering voice `cmu-slt-hsmm': female, locale en_US
2018-11-23 14:58:22,374 [http-nio-8080-exec-3] INFO  marytts.Voice New default voice for locale en_US: cmu-slt-hsmm (desire 0)
2018-11-23 14:58:22,374 [http-nio-8080-exec-3] INFO  marytts.HMMSynthesizer started.
2018-11-23 14:58:22,374 [http-nio-8080-exec-3] INFO  marytts.Synthesis Module started (ACOUSTPARAMS->AUDIO, locale null).
2018-11-23 14:58:22,374 [http-nio-8080-exec-3] INFO  marytts.HMMSynthesizer Starting power-on self test.
2018-11-23 14:58:22,441 [http-nio-8080-exec-3] INFO  marytts.HTSEngine Using prosody from acoustparams.
2018-11-23 14:58:22,446 [http-nio-8080-exec-3] INFO  marytts.HTSEngine Number of models in sentence numModel=7  Total number of states numState=35
2018-11-23 14:58:22,447 [http-nio-8080-exec-3] INFO  marytts.HTSEngine Total number of frames=147  Number of voiced frames=89
2018-11-23 14:58:22,457 [http-nio-8080-exec-3] INFO  marytts.ParameterGeneration Parameter generation for MGC: 
2018-11-23 14:58:22,457 [http-nio-8080-exec-3] INFO  marytts.PStream Context-dependent global variance optimization: gvLength = 107
2018-11-23 14:58:22,461 [http-nio-8080-exec-3] INFO  marytts.PStream Gradient GV optimization for feature: (0)  number of iterations=23
2018-11-23 14:58:22,470 [http-nio-8080-exec-3] INFO  marytts.PStream Gradient GV optimization for feature: (1)  number of iterations=54
2018-11-23 14:58:22,475 [http-nio-8080-exec-3] INFO  marytts.PStream Gradient GV optimization for feature: (2)  number of iterations=38
2018-11-23 14:58:22,476 [http-nio-8080-exec-3] INFO  marytts.PStream Gradient GV optimization for feature: (3)  number of iterations=20
2018-11-23 14:58:22,477 [http-nio-8080-exec-3] INFO  marytts.PStream Gradient GV optimization for feature: (4)  number of iterations=13
2018-11-23 14:58:22,479 [http-nio-8080-exec-3] INFO  marytts.PStream Gradient GV optimization for feature: (5)  number of iterations=21
2018-11-23 14:58:22,480 [http-nio-8080-exec-3] INFO  marytts.PStream Gradient GV optimization for feature: (6)  number of iterations=7
2018-11-23 14:58:22,481 [http-nio-8080-exec-3] INFO  marytts.PStream Gradient GV optimization for feature: (7)  number of iterations=4
2018-11-23 14:58:22,482 [http-nio-8080-exec-3] INFO  marytts.PStream Gradient GV optimization for feature: (8)  number of iterations=11
2018-11-23 14:58:22,483 [http-nio-8080-exec-3] INFO  marytts.PStream Gradient GV optimization for feature: (9)  number of iterations=19
2018-11-23 14:58:22,483 [http-nio-8080-exec-3] INFO  marytts.PStream Gradient GV optimization for feature: (10)  number of iterations=16
2018-11-23 14:58:22,484 [http-nio-8080-exec-3] INFO  marytts.PStream Gradient GV optimization for feature: (11)  number of iterations=9
2018-11-23 14:58:22,484 [http-nio-8080-exec-3] INFO  marytts.PStream Gradient GV optimization for feature: (12)  number of iterations=2
2018-11-23 14:58:22,485 [http-nio-8080-exec-3] INFO  marytts.PStream Gradient GV optimization for feature: (13)  number of iterations=13
2018-11-23 14:58:22,485 [http-nio-8080-exec-3] INFO  marytts.PStream Gradient GV optimization for feature: (14)  number of iterations=12
2018-11-23 14:58:22,485 [http-nio-8080-exec-3] INFO  marytts.PStream Gradient GV optimization for feature: (15)  number of iterations=14
2018-11-23 14:58:22,486 [http-nio-8080-exec-3] INFO  marytts.PStream Gradient GV optimization for feature: (16)  number of iterations=15
2018-11-23 14:58:22,486 [http-nio-8080-exec-3] INFO  marytts.PStream Gradient GV optimization for feature: (17)  number of iterations=14
2018-11-23 14:58:22,487 [http-nio-8080-exec-3] INFO  marytts.PStream Gradient GV optimization for feature: (18)  number of iterations=19
2018-11-23 14:58:22,487 [http-nio-8080-exec-3] INFO  marytts.PStream Gradient GV optimization for feature: (19)  number of iterations=12
2018-11-23 14:58:22,488 [http-nio-8080-exec-3] INFO  marytts.PStream Gradient GV optimization for feature: (20)  number of iterations=17
2018-11-23 14:58:22,488 [http-nio-8080-exec-3] INFO  marytts.PStream Gradient GV optimization for feature: (21)  number of iterations=23
2018-11-23 14:58:22,489 [http-nio-8080-exec-3] INFO  marytts.PStream Gradient GV optimization for feature: (22)  number of iterations=12
2018-11-23 14:58:22,489 [http-nio-8080-exec-3] INFO  marytts.PStream Gradient GV optimization for feature: (23)  number of iterations=18
2018-11-23 14:58:22,490 [http-nio-8080-exec-3] INFO  marytts.PStream Gradient GV optimization for feature: (24)  number of iterations=12
2018-11-23 14:58:22,490 [http-nio-8080-exec-3] INFO  marytts.PStream Gradient GV optimization for feature: (25)  number of iterations=11
2018-11-23 14:58:22,490 [http-nio-8080-exec-3] INFO  marytts.PStream Gradient GV optimization for feature: (26)  number of iterations=13
2018-11-23 14:58:22,491 [http-nio-8080-exec-3] INFO  marytts.PStream Gradient GV optimization for feature: (27)  number of iterations=9
2018-11-23 14:58:22,491 [http-nio-8080-exec-3] INFO  marytts.PStream Gradient GV optimization for feature: (28)  number of iterations=13
2018-11-23 14:58:22,491 [http-nio-8080-exec-3] INFO  marytts.PStream Gradient GV optimization for feature: (29)  number of iterations=8
2018-11-23 14:58:22,492 [http-nio-8080-exec-3] INFO  marytts.PStream Gradient GV optimization for feature: (30)  number of iterations=11
2018-11-23 14:58:22,492 [http-nio-8080-exec-3] INFO  marytts.PStream Gradient GV optimization for feature: (31)  number of iterations=12
2018-11-23 14:58:22,492 [http-nio-8080-exec-3] INFO  marytts.PStream Gradient GV optimization for feature: (32)  number of iterations=7
2018-11-23 14:58:22,492 [http-nio-8080-exec-3] INFO  marytts.PStream Gradient GV optimization for feature: (33)  number of iterations=8
2018-11-23 14:58:22,493 [http-nio-8080-exec-3] INFO  marytts.PStream Gradient GV optimization for feature: (34)  number of iterations=12
2018-11-23 14:58:22,493 [http-nio-8080-exec-3] INFO  marytts.ParameterGeneration Using f0 from maryXML acoustparams
2018-11-23 14:58:22,493 [http-nio-8080-exec-3] INFO  marytts.PStream Context-dependent global variance optimization: gvLength = 107
2018-11-23 14:58:22,495 [http-nio-8080-exec-3] INFO  marytts.PStream Gradient GV optimization for feature: (0)  number of iterations=16
2018-11-23 14:58:22,496 [http-nio-8080-exec-3] INFO  marytts.PStream Gradient GV optimization for feature: (1)  number of iterations=2
2018-11-23 14:58:22,497 [http-nio-8080-exec-3] INFO  marytts.PStream Gradient GV optimization for feature: (2)  number of iterations=2
2018-11-23 14:58:22,498 [http-nio-8080-exec-3] INFO  marytts.PStream Gradient GV optimization for feature: (3)  number of iterations=8
2018-11-23 14:58:22,499 [http-nio-8080-exec-3] INFO  marytts.PStream Gradient GV optimization for feature: (4)  number of iterations=26
2018-11-23 14:58:22,546 [http-nio-8080-exec-3] INFO  marytts.HMMSynthesizer Power-on self test complete.
2018-11-23 14:58:22,547 [http-nio-8080-exec-3] INFO  marytts.TextToMaryXML Module started (TEXT->RAWMARYXML, locale null).
2018-11-23 14:58:22,547 [http-nio-8080-exec-3] INFO  marytts.TextToMaryXML Starting power-on self test.
2018-11-23 14:58:22,548 [http-nio-8080-exec-3] WARN  marytts.TextToMaryXML Locale is null, overriding with en_US
2018-11-23 14:58:22,548 [http-nio-8080-exec-3] WARN  marytts.TextToMaryXML Locale is null, overriding with en_US
2018-11-23 14:58:22,548 [http-nio-8080-exec-3] INFO  marytts.TextToMaryXML Power-on self test complete.
2018-11-23 14:58:23,038 [http-nio-8080-exec-3] INFO  marytts.SableParser Module started (SABLE->RAWMARYXML, locale null).
2018-11-23 14:58:23,038 [http-nio-8080-exec-3] INFO  marytts.SableParser Starting power-on self test.
2018-11-23 14:58:23,038 [http-nio-8080-exec-3] INFO  marytts.SableParser Power-on self test complete.
2018-11-23 14:58:23,087 [http-nio-8080-exec-3] INFO  marytts.SSMLParser Module started (SSML->RAWMARYXML, locale null).
2018-11-23 14:58:23,088 [http-nio-8080-exec-3] INFO  marytts.SSMLParser Starting power-on self test.
2018-11-23 14:58:23,088 [http-nio-8080-exec-3] INFO  marytts.SSMLParser Power-on self test complete.
2018-11-23 14:58:23,141 [http-nio-8080-exec-3] INFO  marytts.APMLParser Module started (APML->RAWMARYXML, locale null).
2018-11-23 14:58:23,141 [http-nio-8080-exec-3] INFO  marytts.APMLParser Starting power-on self test.
2018-11-23 14:58:23,142 [http-nio-8080-exec-3] INFO  marytts.APMLParser Power-on self test complete.
2018-11-23 14:58:23,168 [http-nio-8080-exec-3] INFO  marytts.EmotionmlParser Module started (EMOTIONML->RAWMARYXML, locale null).
2018-11-23 14:58:23,168 [http-nio-8080-exec-3] INFO  marytts.EmotionmlParser Starting power-on self test.
2018-11-23 14:58:23,168 [http-nio-8080-exec-3] INFO  marytts.EmotionmlParser Power-on self test complete.
2018-11-23 14:58:23,168 [http-nio-8080-exec-3] INFO  marytts.JTokeniser Module started (RAWMARYXML->TOKENS, locale null).
2018-11-23 14:58:23,204 [http-nio-8080-exec-3] INFO  marytts.JTokeniser Starting power-on self test.
2018-11-23 14:58:23,204 [http-nio-8080-exec-3] INFO  marytts.JTokeniser Power-on self test complete.
2018-11-23 14:58:23,205 [http-nio-8080-exec-3] INFO  marytts.DummyTokens2Words Module started (TOKENS->WORDS, locale null).
2018-11-23 14:58:23,205 [http-nio-8080-exec-3] INFO  marytts.DummyTokens2Words Starting power-on self test.
2018-11-23 14:58:23,205 [http-nio-8080-exec-3] INFO  marytts.DummyTokens2Words Power-on self test complete.
2018-11-23 14:58:23,209 [http-nio-8080-exec-3] INFO  marytts.Prosody Module started (PHONEMES->INTONATION, locale null).
2018-11-23 14:58:23,210 [http-nio-8080-exec-3] INFO  marytts.Prosody Starting power-on self test.
2018-11-23 14:58:23,210 [http-nio-8080-exec-3] INFO  marytts.Prosody Power-on self test complete.
2018-11-23 14:58:23,210 [http-nio-8080-exec-3] INFO  marytts.PronunciationModel Module started (INTONATION->ALLOPHONES, locale null).
2018-11-23 14:58:23,210 [http-nio-8080-exec-3] INFO  marytts.PronunciationModel Starting power-on self test.
2018-11-23 14:58:23,210 [http-nio-8080-exec-3] INFO  marytts.PronunciationModel Power-on self test complete.
2018-11-23 14:58:23,211 [http-nio-8080-exec-3] INFO  marytts.TargetFeatureLister Starting power-on self test.
2018-11-23 14:58:23,211 [http-nio-8080-exec-3] INFO  marytts.TargetFeatureLister Power-on self test complete.
2018-11-23 14:58:23,211 [http-nio-8080-exec-3] INFO  marytts.TargetFeatureLister Module started (ACOUSTPARAMS->HALFPHONE_TARGETFEATURES, locale null).
2018-11-23 14:58:23,211 [http-nio-8080-exec-3] INFO  marytts.TargetFeatureLister Starting power-on self test.
2018-11-23 14:58:23,212 [http-nio-8080-exec-3] INFO  marytts.TargetFeatureLister Power-on self test complete.
2018-11-23 14:58:23,212 [http-nio-8080-exec-3] INFO  marytts.AcousticModeller Module started (ALLOPHONES->ACOUSTPARAMS, locale null).
2018-11-23 14:58:23,212 [http-nio-8080-exec-3] INFO  marytts.AcousticModeller Starting power-on self test.
2018-11-23 14:58:23,212 [http-nio-8080-exec-3] INFO  marytts.AcousticModeller Power-on self test complete.
2018-11-23 14:58:23,212 [http-nio-8080-exec-3] INFO  marytts.Realised acoustparams extractor Module started (AUDIO->REALISED_ACOUSTPARAMS, locale null).
2018-11-23 14:58:23,213 [http-nio-8080-exec-3] INFO  marytts.Realised acoustparams extractor Starting power-on self test.
2018-11-23 14:58:23,213 [http-nio-8080-exec-3] INFO  marytts.Realised acoustparams extractor Power-on self test complete.
2018-11-23 14:58:23,213 [http-nio-8080-exec-3] INFO  marytts.Realised durations extractor Module started (AUDIO->REALISED_DURATIONS, locale null).
2018-11-23 14:58:23,213 [http-nio-8080-exec-3] INFO  marytts.Realised durations extractor Starting power-on self test.
2018-11-23 14:58:23,213 [http-nio-8080-exec-3] INFO  marytts.Realised durations extractor Power-on self test complete.
2018-11-23 14:58:23,213 [http-nio-8080-exec-3] INFO  marytts.Praat TextGrid generator Module started (REALISED_ACOUSTPARAMS->PRAAT_TEXTGRID, locale null).
2018-11-23 14:58:23,214 [http-nio-8080-exec-3] INFO  marytts.Praat TextGrid generator Starting power-on self test.
2018-11-23 14:58:23,214 [http-nio-8080-exec-3] INFO  marytts.Praat TextGrid generator Power-on self test complete.
2018-11-23 14:58:23,214 [http-nio-8080-exec-3] INFO  marytts.JTokeniser Module started (RAWMARYXML->TOKENS, locale en).
2018-11-23 14:58:23,227 [http-nio-8080-exec-3] INFO  marytts.JTokeniser Starting power-on self test.
2018-11-23 14:58:23,228 [http-nio-8080-exec-3] INFO  marytts.JTokeniser Power-on self test complete.
2018-11-23 14:58:23,228 [http-nio-8080-exec-3] INFO  marytts.Preprocess Module started (TOKENS->WORDS, locale en).
2018-11-23 14:58:23,228 [http-nio-8080-exec-3] INFO  marytts.Preprocess Starting power-on self test.
2018-11-23 14:58:23,229 [http-nio-8080-exec-3] INFO  marytts.Preprocess Power-on self test complete.
2018-11-23 14:58:23,229 [http-nio-8080-exec-3] INFO  marytts.JPhonemiser Module started (PARTSOFSPEECH->PHONEMES, locale en_US).
2018-11-23 14:58:23,230 [http-nio-8080-exec-3] INFO  marytts.JPhonemiser Starting power-on self test.
2018-11-23 14:58:23,231 [http-nio-8080-exec-3] INFO  marytts.JPhonemiser Power-on self test complete.
2018-11-23 14:58:23,231 [http-nio-8080-exec-3] INFO  marytts.JPhonemiser Module started (PARTSOFSPEECH->PHONEMES, locale en_GB).
2018-11-23 14:58:23,231 [http-nio-8080-exec-3] INFO  marytts.JPhonemiser Starting power-on self test.
2018-11-23 14:58:23,231 [http-nio-8080-exec-3] INFO  marytts.JPhonemiser Power-on self test complete.
2018-11-23 14:58:23,235 [http-nio-8080-exec-3] INFO  marytts.Prosody Module started (PHONEMES->INTONATION, locale en).
2018-11-23 14:58:23,235 [http-nio-8080-exec-3] INFO  marytts.Prosody Starting power-on self test.
2018-11-23 14:58:23,235 [http-nio-8080-exec-3] INFO  marytts.Prosody Power-on self test complete.
2018-11-23 14:58:23,236 [http-nio-8080-exec-3] INFO  marytts.SimplePhoneme2AP Module started (SIMPLEPHONEMES->ACOUSTPARAMS, locale en_US).
2018-11-23 14:58:23,236 [http-nio-8080-exec-3] INFO  marytts.SimplePhoneme2AP Starting power-on self test.
2018-11-23 14:58:23,237 [http-nio-8080-exec-3] INFO  marytts.SimplePhoneme2AP Power-on self test complete.
2018-11-23 14:58:23,237 [http-nio-8080-exec-3] INFO  marytts.PronunciationModel Module started (INTONATION->ALLOPHONES, locale en).
2018-11-23 14:58:23,238 [http-nio-8080-exec-3] INFO  marytts.PronunciationModel Starting power-on self test.
2018-11-23 14:58:23,238 [http-nio-8080-exec-3] INFO  marytts.PronunciationModel Power-on self test complete.
2018-11-23 14:58:23,238 [http-nio-8080-exec-3] INFO  marytts.OpenNLPPosTagger Module started (WORDS->PARTSOFSPEECH, locale en).
2018-11-23 14:58:24,220 [http-nio-8080-exec-3] INFO  marytts.OpenNLPPosTagger Starting power-on self test.
2018-11-23 14:58:24,221 [http-nio-8080-exec-3] INFO  marytts.OpenNLPPosTagger Power-on self test complete.
2018-11-23 14:58:24,221 [http-nio-8080-exec-3] INFO  marytts.main Startup complete.
2018-11-23 14:58:28,808 [http-nio-8080-exec-9] INFO  marytts.R 1 New request (input type "TEXT", output type "AUDIO", voice "cmu-slt-hsmm", audio "WAVE")
2018-11-23 14:58:28,810 [http-nio-8080-exec-9] INFO  marytts.R 1 Handling request using the following modules:
2018-11-23 14:58:28,810 [http-nio-8080-exec-9] INFO  marytts.R 1 - TextToMaryXML (marytts.modules.TextToMaryXML)
2018-11-23 14:58:28,810 [http-nio-8080-exec-9] INFO  marytts.R 1 Next module: TextToMaryXML
2018-11-23 14:58:28,820 [http-nio-8080-exec-9] INFO  marytts.R 1 Handling request using the following modules:
2018-11-23 14:58:28,820 [http-nio-8080-exec-9] INFO  marytts.R 1 - JTokeniser (marytts.language.en.JTokeniser)
2018-11-23 14:58:28,820 [http-nio-8080-exec-9] INFO  marytts.R 1 - Preprocess (marytts.language.en.Preprocess)
2018-11-23 14:58:28,820 [http-nio-8080-exec-9] INFO  marytts.R 1 - OpenNLPPosTagger (marytts.modules.OpenNLPPosTagger)
2018-11-23 14:58:28,820 [http-nio-8080-exec-9] INFO  marytts.R 1 - JPhonemiser (marytts.modules.JPhonemiser)
2018-11-23 14:58:28,820 [http-nio-8080-exec-9] INFO  marytts.R 1 - Prosody (marytts.language.en.Prosody)
2018-11-23 14:58:28,820 [http-nio-8080-exec-9] INFO  marytts.R 1 - PronunciationModel (marytts.language.en.PronunciationModel)
2018-11-23 14:58:28,820 [http-nio-8080-exec-9] INFO  marytts.R 1 - AcousticModeller (marytts.modules.AcousticModeller)
2018-11-23 14:58:28,820 [http-nio-8080-exec-9] INFO  marytts.R 1 - Synthesis (marytts.modules.Synthesis)
2018-11-23 14:58:28,820 [http-nio-8080-exec-9] INFO  marytts.R 1 Next module: JTokeniser
2018-11-23 14:58:28,822 [http-nio-8080-exec-9] INFO  marytts.R 1 Next module: Preprocess
2018-11-23 14:58:28,822 [http-nio-8080-exec-9] INFO  marytts.R 1 Next module: OpenNLPPosTagger
2018-11-23 14:58:28,825 [http-nio-8080-exec-9] INFO  marytts.R 1 Next module: JPhonemiser
2018-11-23 14:58:28,826 [http-nio-8080-exec-9] INFO  marytts.R 1 Next module: Prosody
2018-11-23 14:58:28,828 [http-nio-8080-exec-9] INFO  marytts.R 1 Next module: PronunciationModel
2018-11-23 14:58:28,830 [http-nio-8080-exec-9] INFO  marytts.R 1 Next module: AcousticModeller
2018-11-23 14:58:28,840 [http-nio-8080-exec-9] INFO  marytts.ParameterGeneration Parameter generation for LF0: 
2018-11-23 14:58:28,840 [http-nio-8080-exec-9] INFO  marytts.PStream Context-dependent global variance optimization: gvLength = 62
2018-11-23 14:58:28,841 [http-nio-8080-exec-9] INFO  marytts.PStream Gradient GV optimization for feature: (0)  number of iterations=1
2018-11-23 14:58:28,842 [http-nio-8080-exec-9] INFO  marytts.R 1 Next module: Synthesis
2018-11-23 14:58:28,913 [http-nio-8080-exec-9] INFO  marytts.HMMSynthesizer Synthesizing one sentence.
2018-11-23 14:58:28,915 [http-nio-8080-exec-9] INFO  marytts.HTSEngine Using prosody from acoustparams.
2018-11-23 14:58:28,915 [http-nio-8080-exec-9] INFO  marytts.HTSEngine Number of models in sentence numModel=3  Total number of states numState=15
2018-11-23 14:58:28,915 [http-nio-8080-exec-9] INFO  marytts.HTSEngine Total number of frames=162  Number of voiced frames=62
2018-11-23 14:58:28,916 [http-nio-8080-exec-9] INFO  marytts.ParameterGeneration Parameter generation for MGC: 
2018-11-23 14:58:28,916 [http-nio-8080-exec-9] INFO  marytts.PStream Context-dependent global variance optimization: gvLength = 82
2018-11-23 14:58:28,917 [http-nio-8080-exec-9] INFO  marytts.PStream Gradient GV optimization for feature: (0)  number of iterations=27
2018-11-23 14:58:28,919 [http-nio-8080-exec-9] INFO  marytts.PStream Gradient GV optimization for feature: (1)  number of iterations=84
2018-11-23 14:58:28,921 [http-nio-8080-exec-9] INFO  marytts.PStream Gradient GV optimization for feature: (2)  number of iterations=61
2018-11-23 14:58:28,922 [http-nio-8080-exec-9] INFO  marytts.PStream Gradient GV optimization for feature: (3)  number of iterations=21
2018-11-23 14:58:28,923 [http-nio-8080-exec-9] INFO  marytts.PStream Gradient GV optimization for feature: (4)  number of iterations=21
2018-11-23 14:58:28,924 [http-nio-8080-exec-9] INFO  marytts.PStream Gradient GV optimization for feature: (5)  number of iterations=22
2018-11-23 14:58:28,924 [http-nio-8080-exec-9] INFO  marytts.PStream Gradient GV optimization for feature: (6)  number of iterations=19
2018-11-23 14:58:28,924 [http-nio-8080-exec-9] INFO  marytts.PStream Gradient GV optimization for feature: (7)  number of iterations=19
2018-11-23 14:58:28,925 [http-nio-8080-exec-9] INFO  marytts.PStream Gradient GV optimization for feature: (8)  number of iterations=18
2018-11-23 14:58:28,926 [http-nio-8080-exec-9] INFO  marytts.PStream Gradient GV optimization for feature: (9)  number of iterations=14
2018-11-23 14:58:28,926 [http-nio-8080-exec-9] INFO  marytts.PStream Gradient GV optimization for feature: (10)  number of iterations=7
2018-11-23 14:58:28,927 [http-nio-8080-exec-9] INFO  marytts.PStream Gradient GV optimization for feature: (11)  number of iterations=14
2018-11-23 14:58:28,927 [http-nio-8080-exec-9] INFO  marytts.PStream Gradient GV optimization for feature: (12)  number of iterations=6
2018-11-23 14:58:28,928 [http-nio-8080-exec-9] INFO  marytts.PStream Gradient GV optimization for feature: (13)  number of iterations=10
2018-11-23 14:58:28,928 [http-nio-8080-exec-9] INFO  marytts.PStream Gradient GV optimization for feature: (14)  number of iterations=12
2018-11-23 14:58:28,930 [http-nio-8080-exec-9] INFO  marytts.PStream Gradient GV optimization for feature: (15)  number of iterations=18
2018-11-23 14:58:28,931 [http-nio-8080-exec-9] INFO  marytts.PStream Gradient GV optimization for feature: (16)  number of iterations=9
2018-11-23 14:58:28,931 [http-nio-8080-exec-9] INFO  marytts.PStream Gradient GV optimization for feature: (17)  number of iterations=4
2018-11-23 14:58:28,931 [http-nio-8080-exec-9] INFO  marytts.PStream Gradient GV optimization for feature: (18)  number of iterations=15
2018-11-23 14:58:28,932 [http-nio-8080-exec-9] INFO  marytts.PStream Gradient GV optimization for feature: (19)  number of iterations=13
2018-11-23 14:58:28,932 [http-nio-8080-exec-9] INFO  marytts.PStream Gradient GV optimization for feature: (20)  number of iterations=17
2018-11-23 14:58:28,933 [http-nio-8080-exec-9] INFO  marytts.PStream Gradient GV optimization for feature: (21)  number of iterations=14
2018-11-23 14:58:28,933 [http-nio-8080-exec-9] INFO  marytts.PStream Gradient GV optimization for feature: (22)  number of iterations=9
2018-11-23 14:58:28,933 [http-nio-8080-exec-9] INFO  marytts.PStream Gradient GV optimization for feature: (23)  number of iterations=12
2018-11-23 14:58:28,933 [http-nio-8080-exec-9] INFO  marytts.PStream Gradient GV optimization for feature: (24)  number of iterations=12
2018-11-23 14:58:28,934 [http-nio-8080-exec-9] INFO  marytts.PStream Gradient GV optimization for feature: (25)  number of iterations=11
2018-11-23 14:58:28,934 [http-nio-8080-exec-9] INFO  marytts.PStream Gradient GV optimization for feature: (26)  number of iterations=10
2018-11-23 14:58:28,934 [http-nio-8080-exec-9] INFO  marytts.PStream Gradient GV optimization for feature: (27)  number of iterations=13
2018-11-23 14:58:28,934 [http-nio-8080-exec-9] INFO  marytts.PStream Gradient GV optimization for feature: (28)  number of iterations=8
2018-11-23 14:58:28,934 [http-nio-8080-exec-9] INFO  marytts.PStream Gradient GV optimization for feature: (29)  number of iterations=14
2018-11-23 14:58:28,935 [http-nio-8080-exec-9] INFO  marytts.PStream Gradient GV optimization for feature: (30)  number of iterations=10
2018-11-23 14:58:28,935 [http-nio-8080-exec-9] INFO  marytts.PStream Gradient GV optimization for feature: (31)  number of iterations=13
2018-11-23 14:58:28,935 [http-nio-8080-exec-9] INFO  marytts.PStream Gradient GV optimization for feature: (32)  number of iterations=8
2018-11-23 14:58:28,935 [http-nio-8080-exec-9] INFO  marytts.PStream Gradient GV optimization for feature: (33)  number of iterations=13
2018-11-23 14:58:28,936 [http-nio-8080-exec-9] INFO  marytts.PStream Gradient GV optimization for feature: (34)  number of iterations=14
2018-11-23 14:58:28,936 [http-nio-8080-exec-9] INFO  marytts.ParameterGeneration Using f0 from maryXML acoustparams
2018-11-23 14:58:28,936 [http-nio-8080-exec-9] INFO  marytts.PStream Context-dependent global variance optimization: gvLength = 82
2018-11-23 14:58:28,936 [http-nio-8080-exec-9] INFO  marytts.PStream Gradient GV optimization for feature: (0)  number of iterations=4
2018-11-23 14:58:28,936 [http-nio-8080-exec-9] INFO  marytts.PStream Gradient GV optimization for feature: (1)  number of iterations=21
2018-11-23 14:58:28,937 [http-nio-8080-exec-9] INFO  marytts.PStream Gradient GV optimization for feature: (2)  number of iterations=2
2018-11-23 14:58:28,937 [http-nio-8080-exec-9] INFO  marytts.PStream Gradient GV optimization for feature: (3)  number of iterations=2
2018-11-23 14:58:28,937 [http-nio-8080-exec-9] INFO  marytts.PStream Gradient GV optimization for feature: (4)  number of iterations=3
2018-11-23 14:58:28,938 [http-nio-8080-exec-9] INFO  marytts.R 1 Request processed in 129 ms.
2018-11-23 14:58:28,938 [http-nio-8080-exec-9] INFO  marytts.R 1    TextToMaryXML took 0 ms
2018-11-23 14:58:28,938 [http-nio-8080-exec-9] INFO  marytts.R 1    JTokeniser took 2 ms
2018-11-23 14:58:28,938 [http-nio-8080-exec-9] INFO  marytts.R 1    Preprocess took 0 ms
2018-11-23 14:58:28,938 [http-nio-8080-exec-9] INFO  marytts.R 1    OpenNLPPosTagger took 3 ms
2018-11-23 14:58:28,938 [http-nio-8080-exec-9] INFO  marytts.R 1    JPhonemiser took 1 ms
2018-11-23 14:58:28,938 [http-nio-8080-exec-9] INFO  marytts.R 1    Prosody took 2 ms
2018-11-23 14:58:28,938 [http-nio-8080-exec-9] INFO  marytts.R 1    PronunciationModel took 2 ms
2018-11-23 14:58:28,938 [http-nio-8080-exec-9] INFO  marytts.R 1    AcousticModeller took 12 ms
2018-11-23 14:58:28,938 [http-nio-8080-exec-9] INFO  marytts.R 1    Synthesis took 96 ms
2018-11-23 14:58:47,866 [http-nio-8080-exec-6] INFO  marytts.R 1 New request (input type "TEXT", output type "AUDIO", voice "cmu-slt-hsmm", audio "WAVE")
2018-11-23 14:58:47,866 [http-nio-8080-exec-6] INFO  marytts.R 1 Handling request using the following modules:
2018-11-23 14:58:47,866 [http-nio-8080-exec-6] INFO  marytts.R 1 - TextToMaryXML (marytts.modules.TextToMaryXML)
2018-11-23 14:58:47,866 [http-nio-8080-exec-6] INFO  marytts.R 1 Next module: TextToMaryXML
2018-11-23 14:58:47,867 [http-nio-8080-exec-6] INFO  marytts.R 1 Handling request using the following modules:
2018-11-23 14:58:47,867 [http-nio-8080-exec-6] INFO  marytts.R 1 - JTokeniser (marytts.language.en.JTokeniser)
2018-11-23 14:58:47,867 [http-nio-8080-exec-6] INFO  marytts.R 1 - Preprocess (marytts.language.en.Preprocess)
2018-11-23 14:58:47,867 [http-nio-8080-exec-6] INFO  marytts.R 1 - OpenNLPPosTagger (marytts.modules.OpenNLPPosTagger)
2018-11-23 14:58:47,867 [http-nio-8080-exec-6] INFO  marytts.R 1 - JPhonemiser (marytts.modules.JPhonemiser)
2018-11-23 14:58:47,867 [http-nio-8080-exec-6] INFO  marytts.R 1 - Prosody (marytts.language.en.Prosody)
2018-11-23 14:58:47,867 [http-nio-8080-exec-6] INFO  marytts.R 1 - PronunciationModel (marytts.language.en.PronunciationModel)
2018-11-23 14:58:47,867 [http-nio-8080-exec-6] INFO  marytts.R 1 - AcousticModeller (marytts.modules.AcousticModeller)
2018-11-23 14:58:47,867 [http-nio-8080-exec-6] INFO  marytts.R 1 - Synthesis (marytts.modules.Synthesis)
2018-11-23 14:58:47,867 [http-nio-8080-exec-6] INFO  marytts.R 1 Next module: JTokeniser
2018-11-23 14:58:47,867 [http-nio-8080-exec-6] INFO  marytts.R 1 Next module: Preprocess
2018-11-23 14:58:47,868 [http-nio-8080-exec-6] INFO  marytts.R 1 Next module: OpenNLPPosTagger
2018-11-23 14:58:47,868 [http-nio-8080-exec-6] INFO  marytts.R 1 Next module: JPhonemiser
2018-11-23 14:58:47,869 [http-nio-8080-exec-6] INFO  marytts.R 1 Next module: Prosody
2018-11-23 14:58:47,870 [http-nio-8080-exec-6] INFO  marytts.R 1 Next module: PronunciationModel
2018-11-23 14:58:47,871 [http-nio-8080-exec-6] INFO  marytts.R 1 Next module: AcousticModeller
2018-11-23 14:58:47,876 [http-nio-8080-exec-6] INFO  marytts.ParameterGeneration Parameter generation for LF0: 
2018-11-23 14:58:47,876 [http-nio-8080-exec-6] INFO  marytts.PStream Context-dependent global variance optimization: gvLength = 271
2018-11-23 14:58:47,876 [http-nio-8080-exec-6] INFO  marytts.PStream Gradient GV optimization for feature: (0)  number of iterations=1
2018-11-23 14:58:47,878 [http-nio-8080-exec-6] INFO  marytts.R 1 Next module: Synthesis
2018-11-23 14:58:47,879 [http-nio-8080-exec-6] INFO  marytts.HMMSynthesizer Synthesizing one sentence.
2018-11-23 14:58:47,880 [http-nio-8080-exec-6] INFO  marytts.HTSEngine Using prosody from acoustparams.
2018-11-23 14:58:47,881 [http-nio-8080-exec-6] INFO  marytts.HTSEngine Number of models in sentence numModel=11  Total number of states numState=55
2018-11-23 14:58:47,881 [http-nio-8080-exec-6] INFO  marytts.HTSEngine Total number of frames=385  Number of voiced frames=271
2018-11-23 14:58:47,882 [http-nio-8080-exec-6] INFO  marytts.ParameterGeneration Parameter generation for MGC: 
2018-11-23 14:58:47,882 [http-nio-8080-exec-6] INFO  marytts.PStream Context-dependent global variance optimization: gvLength = 305
2018-11-23 14:58:47,883 [http-nio-8080-exec-6] INFO  marytts.PStream Gradient GV optimization for feature: (0)  number of iterations=46
2018-11-23 14:58:47,884 [http-nio-8080-exec-6] INFO  marytts.PStream Gradient GV optimization for feature: (1)  number of iterations=68
2018-11-23 14:58:47,885 [http-nio-8080-exec-6] INFO  marytts.PStream Gradient GV optimization for feature: (2)  number of iterations=35
2018-11-23 14:58:47,885 [http-nio-8080-exec-6] INFO  marytts.PStream Gradient GV optimization for feature: (3)  number of iterations=7
2018-11-23 14:58:47,886 [http-nio-8080-exec-6] INFO  marytts.PStream Gradient GV optimization for feature: (4)  number of iterations=5
2018-11-23 14:58:47,886 [http-nio-8080-exec-6] INFO  marytts.PStream Gradient GV optimization for feature: (5)  number of iterations=5
2018-11-23 14:58:47,886 [http-nio-8080-exec-6] INFO  marytts.PStream Gradient GV optimization for feature: (6)  number of iterations=16
2018-11-23 14:58:47,887 [http-nio-8080-exec-6] INFO  marytts.PStream Gradient GV optimization for feature: (7)  number of iterations=20
2018-11-23 14:58:47,887 [http-nio-8080-exec-6] INFO  marytts.PStream Gradient GV optimization for feature: (8)  number of iterations=20
2018-11-23 14:58:47,888 [http-nio-8080-exec-6] INFO  marytts.PStream Gradient GV optimization for feature: (9)  number of iterations=19
2018-11-23 14:58:47,889 [http-nio-8080-exec-6] INFO  marytts.PStream Gradient GV optimization for feature: (10)  number of iterations=15
2018-11-23 14:58:47,889 [http-nio-8080-exec-6] INFO  marytts.PStream Gradient GV optimization for feature: (11)  number of iterations=9
2018-11-23 14:58:47,889 [http-nio-8080-exec-6] INFO  marytts.PStream Gradient GV optimization for feature: (12)  number of iterations=20
2018-11-23 14:58:47,890 [http-nio-8080-exec-6] INFO  marytts.PStream Gradient GV optimization for feature: (13)  number of iterations=17
2018-11-23 14:58:47,890 [http-nio-8080-exec-6] INFO  marytts.PStream Gradient GV optimization for feature: (14)  number of iterations=4
2018-11-23 14:58:47,891 [http-nio-8080-exec-6] INFO  marytts.PStream Gradient GV optimization for feature: (15)  number of iterations=14
2018-11-23 14:58:47,891 [http-nio-8080-exec-6] INFO  marytts.PStream Gradient GV optimization for feature: (16)  number of iterations=2
2018-11-23 14:58:47,891 [http-nio-8080-exec-6] INFO  marytts.PStream Gradient GV optimization for feature: (17)  number of iterations=13
2018-11-23 14:58:47,892 [http-nio-8080-exec-6] INFO  marytts.PStream Gradient GV optimization for feature: (18)  number of iterations=15
2018-11-23 14:58:47,892 [http-nio-8080-exec-6] INFO  marytts.PStream Gradient GV optimization for feature: (19)  number of iterations=3
2018-11-23 14:58:47,893 [http-nio-8080-exec-6] INFO  marytts.PStream Gradient GV optimization for feature: (20)  number of iterations=19
2018-11-23 14:58:47,894 [http-nio-8080-exec-6] INFO  marytts.PStream Gradient GV optimization for feature: (21)  number of iterations=5
2018-11-23 14:58:47,895 [http-nio-8080-exec-6] INFO  marytts.PStream Gradient GV optimization for feature: (22)  number of iterations=6
2018-11-23 14:58:47,895 [http-nio-8080-exec-6] INFO  marytts.PStream Gradient GV optimization for feature: (23)  number of iterations=7
2018-11-23 14:58:47,896 [http-nio-8080-exec-6] INFO  marytts.PStream Gradient GV optimization for feature: (24)  number of iterations=10
2018-11-23 14:58:47,897 [http-nio-8080-exec-6] INFO  marytts.PStream Gradient GV optimization for feature: (25)  number of iterations=3
2018-11-23 14:58:47,898 [http-nio-8080-exec-6] INFO  marytts.PStream Gradient GV optimization for feature: (26)  number of iterations=9
2018-11-23 14:58:47,898 [http-nio-8080-exec-6] INFO  marytts.PStream Gradient GV optimization for feature: (27)  number of iterations=13
2018-11-23 14:58:47,899 [http-nio-8080-exec-6] INFO  marytts.PStream Gradient GV optimization for feature: (28)  number of iterations=10
2018-11-23 14:58:47,899 [http-nio-8080-exec-6] INFO  marytts.PStream Gradient GV optimization for feature: (29)  number of iterations=3
2018-11-23 14:58:47,899 [http-nio-8080-exec-6] INFO  marytts.PStream Gradient GV optimization for feature: (30)  number of iterations=13
2018-11-23 14:58:47,899 [http-nio-8080-exec-6] INFO  marytts.PStream Gradient GV optimization for feature: (31)  number of iterations=14
2018-11-23 14:58:47,900 [http-nio-8080-exec-6] INFO  marytts.PStream Gradient GV optimization for feature: (32)  number of iterations=13
2018-11-23 14:58:47,900 [http-nio-8080-exec-6] INFO  marytts.PStream Gradient GV optimization for feature: (33)  number of iterations=4
2018-11-23 14:58:47,901 [http-nio-8080-exec-6] INFO  marytts.PStream Gradient GV optimization for feature: (34)  number of iterations=8
2018-11-23 14:58:47,901 [http-nio-8080-exec-6] INFO  marytts.ParameterGeneration Using f0 from maryXML acoustparams
2018-11-23 14:58:47,901 [http-nio-8080-exec-6] INFO  marytts.PStream Context-dependent global variance optimization: gvLength = 305
2018-11-23 14:58:47,901 [http-nio-8080-exec-6] INFO  marytts.PStream Gradient GV optimization for feature: (0)  number of iterations=68
2018-11-23 14:58:47,902 [http-nio-8080-exec-6] INFO  marytts.PStream Gradient GV optimization for feature: (1)  number of iterations=8
2018-11-23 14:58:47,902 [http-nio-8080-exec-6] INFO  marytts.PStream Gradient GV optimization for feature: (2)  number of iterations=12
2018-11-23 14:58:47,902 [http-nio-8080-exec-6] INFO  marytts.PStream Gradient GV optimization for feature: (3)  number of iterations=22
2018-11-23 14:58:47,903 [http-nio-8080-exec-6] INFO  marytts.PStream Gradient GV optimization for feature: (4)  number of iterations=18
2018-11-23 14:58:47,903 [http-nio-8080-exec-6] INFO  marytts.R 1 Request processed in 37 ms.
2018-11-23 14:58:47,903 [http-nio-8080-exec-6] INFO  marytts.R 1    TextToMaryXML took 0 ms
2018-11-23 14:58:47,904 [http-nio-8080-exec-6] INFO  marytts.R 1    JTokeniser took 0 ms
2018-11-23 14:58:47,904 [http-nio-8080-exec-6] INFO  marytts.R 1    Preprocess took 1 ms
2018-11-23 14:58:47,904 [http-nio-8080-exec-6] INFO  marytts.R 1    OpenNLPPosTagger took 0 ms
2018-11-23 14:58:47,904 [http-nio-8080-exec-6] INFO  marytts.R 1    JPhonemiser took 1 ms
2018-11-23 14:58:47,904 [http-nio-8080-exec-6] INFO  marytts.R 1    Prosody took 1 ms
2018-11-23 14:58:47,904 [http-nio-8080-exec-6] INFO  marytts.R 1    PronunciationModel took 1 ms
2018-11-23 14:58:47,904 [http-nio-8080-exec-6] INFO  marytts.R 1    AcousticModeller took 7 ms
2018-11-23 14:58:47,904 [http-nio-8080-exec-6] INFO  marytts.R 1    Synthesis took 25 ms
2018-11-23 14:59:49,969 [http-nio-8080-exec-2] INFO  marytts.R 1 New request (input type "TEXT", output type "AUDIO", voice "cmu-slt-hsmm", audio "WAVE")
2018-11-23 14:59:49,969 [http-nio-8080-exec-2] INFO  marytts.R 1 Handling request using the following modules:
2018-11-23 14:59:49,969 [http-nio-8080-exec-2] INFO  marytts.R 1 - TextToMaryXML (marytts.modules.TextToMaryXML)
2018-11-23 14:59:49,969 [http-nio-8080-exec-2] INFO  marytts.R 1 Next module: TextToMaryXML
2018-11-23 14:59:49,969 [http-nio-8080-exec-2] INFO  marytts.R 1 Handling request using the following modules:
2018-11-23 14:59:49,969 [http-nio-8080-exec-2] INFO  marytts.R 1 - JTokeniser (marytts.language.en.JTokeniser)
2018-11-23 14:59:49,969 [http-nio-8080-exec-2] INFO  marytts.R 1 - Preprocess (marytts.language.en.Preprocess)
2018-11-23 14:59:49,969 [http-nio-8080-exec-2] INFO  marytts.R 1 - OpenNLPPosTagger (marytts.modules.OpenNLPPosTagger)
2018-11-23 14:59:49,969 [http-nio-8080-exec-2] INFO  marytts.R 1 - JPhonemiser (marytts.modules.JPhonemiser)
2018-11-23 14:59:49,969 [http-nio-8080-exec-2] INFO  marytts.R 1 - Prosody (marytts.language.en.Prosody)
2018-11-23 14:59:49,969 [http-nio-8080-exec-2] INFO  marytts.R 1 - PronunciationModel (marytts.language.en.PronunciationModel)
2018-11-23 14:59:49,969 [http-nio-8080-exec-2] INFO  marytts.R 1 - AcousticModeller (marytts.modules.AcousticModeller)
2018-11-23 14:59:49,969 [http-nio-8080-exec-2] INFO  marytts.R 1 - Synthesis (marytts.modules.Synthesis)
2018-11-23 14:59:49,969 [http-nio-8080-exec-2] INFO  marytts.R 1 Next module: JTokeniser
2018-11-23 14:59:49,970 [http-nio-8080-exec-2] INFO  marytts.R 1 Next module: Preprocess
2018-11-23 14:59:49,971 [http-nio-8080-exec-2] INFO  marytts.R 1 Next module: OpenNLPPosTagger
2018-11-23 14:59:49,972 [http-nio-8080-exec-2] INFO  marytts.R 1 Next module: JPhonemiser
2018-11-23 14:59:49,973 [http-nio-8080-exec-2] INFO  marytts.R 1 Next module: Prosody
2018-11-23 14:59:49,974 [http-nio-8080-exec-2] INFO  marytts.R 1 Next module: PronunciationModel
2018-11-23 14:59:49,974 [http-nio-8080-exec-2] INFO  marytts.R 1 Next module: AcousticModeller
2018-11-23 14:59:49,978 [http-nio-8080-exec-2] INFO  marytts.ParameterGeneration Parameter generation for LF0: 
2018-11-23 14:59:49,978 [http-nio-8080-exec-2] INFO  marytts.PStream Context-dependent global variance optimization: gvLength = 271
2018-11-23 14:59:49,978 [http-nio-8080-exec-2] INFO  marytts.PStream Gradient GV optimization for feature: (0)  number of iterations=1
2018-11-23 14:59:49,979 [http-nio-8080-exec-2] INFO  marytts.R 1 Next module: Synthesis
2018-11-23 14:59:49,979 [http-nio-8080-exec-2] INFO  marytts.HMMSynthesizer Synthesizing one sentence.
2018-11-23 14:59:49,980 [http-nio-8080-exec-2] INFO  marytts.HTSEngine Using prosody from acoustparams.
2018-11-23 14:59:49,980 [http-nio-8080-exec-2] INFO  marytts.HTSEngine Number of models in sentence numModel=11  Total number of states numState=55
2018-11-23 14:59:49,981 [http-nio-8080-exec-2] INFO  marytts.HTSEngine Total number of frames=385  Number of voiced frames=271
2018-11-23 14:59:49,982 [http-nio-8080-exec-2] INFO  marytts.ParameterGeneration Parameter generation for MGC: 
2018-11-23 14:59:49,982 [http-nio-8080-exec-2] INFO  marytts.PStream Context-dependent global variance optimization: gvLength = 305
2018-11-23 14:59:49,983 [http-nio-8080-exec-2] INFO  marytts.PStream Gradient GV optimization for feature: (0)  number of iterations=46
2018-11-23 14:59:49,984 [http-nio-8080-exec-2] INFO  marytts.PStream Gradient GV optimization for feature: (1)  number of iterations=68
2018-11-23 14:59:49,984 [http-nio-8080-exec-2] INFO  marytts.PStream Gradient GV optimization for feature: (2)  number of iterations=35
2018-11-23 14:59:49,985 [http-nio-8080-exec-2] INFO  marytts.PStream Gradient GV optimization for feature: (3)  number of iterations=7
2018-11-23 14:59:49,985 [http-nio-8080-exec-2] INFO  marytts.PStream Gradient GV optimization for feature: (4)  number of iterations=5
2018-11-23 14:59:49,985 [http-nio-8080-exec-2] INFO  marytts.PStream Gradient GV optimization for feature: (5)  number of iterations=5
2018-11-23 14:59:49,985 [http-nio-8080-exec-2] INFO  marytts.PStream Gradient GV optimization for feature: (6)  number of iterations=16
2018-11-23 14:59:49,986 [http-nio-8080-exec-2] INFO  marytts.PStream Gradient GV optimization for feature: (7)  number of iterations=20
2018-11-23 14:59:49,986 [http-nio-8080-exec-2] INFO  marytts.PStream Gradient GV optimization for feature: (8)  number of iterations=20
2018-11-23 14:59:49,988 [http-nio-8080-exec-2] INFO  marytts.PStream Gradient GV optimization for feature: (9)  number of iterations=19
2018-11-23 14:59:49,989 [http-nio-8080-exec-2] INFO  marytts.PStream Gradient GV optimization for feature: (10)  number of iterations=15
2018-11-23 14:59:49,990 [http-nio-8080-exec-2] INFO  marytts.PStream Gradient GV optimization for feature: (11)  number of iterations=9
2018-11-23 14:59:49,991 [http-nio-8080-exec-2] INFO  marytts.PStream Gradient GV optimization for feature: (12)  number of iterations=20
2018-11-23 14:59:49,992 [http-nio-8080-exec-2] INFO  marytts.PStream Gradient GV optimization for feature: (13)  number of iterations=17
2018-11-23 14:59:49,992 [http-nio-8080-exec-2] INFO  marytts.PStream Gradient GV optimization for feature: (14)  number of iterations=4
2018-11-23 14:59:49,993 [http-nio-8080-exec-2] INFO  marytts.PStream Gradient GV optimization for feature: (15)  number of iterations=14
2018-11-23 14:59:49,993 [http-nio-8080-exec-2] INFO  marytts.PStream Gradient GV optimization for feature: (16)  number of iterations=2
2018-11-23 14:59:49,994 [http-nio-8080-exec-2] INFO  marytts.PStream Gradient GV optimization for feature: (17)  number of iterations=13
2018-11-23 14:59:49,994 [http-nio-8080-exec-2] INFO  marytts.PStream Gradient GV optimization for feature: (18)  number of iterations=15
2018-11-23 14:59:49,994 [http-nio-8080-exec-2] INFO  marytts.PStream Gradient GV optimization for feature: (19)  number of iterations=3
2018-11-23 14:59:49,995 [http-nio-8080-exec-2] INFO  marytts.PStream Gradient GV optimization for feature: (20)  number of iterations=19
2018-11-23 14:59:49,995 [http-nio-8080-exec-2] INFO  marytts.PStream Gradient GV optimization for feature: (21)  number of iterations=5
2018-11-23 14:59:49,996 [http-nio-8080-exec-2] INFO  marytts.PStream Gradient GV optimization for feature: (22)  number of iterations=6
2018-11-23 14:59:49,996 [http-nio-8080-exec-2] INFO  marytts.PStream Gradient GV optimization for feature: (23)  number of iterations=7
2018-11-23 14:59:49,997 [http-nio-8080-exec-2] INFO  marytts.PStream Gradient GV optimization for feature: (24)  number of iterations=10
2018-11-23 14:59:49,997 [http-nio-8080-exec-2] INFO  marytts.PStream Gradient GV optimization for feature: (25)  number of iterations=3
2018-11-23 14:59:49,998 [http-nio-8080-exec-2] INFO  marytts.PStream Gradient GV optimization for feature: (26)  number of iterations=9
2018-11-23 14:59:49,998 [http-nio-8080-exec-2] INFO  marytts.PStream Gradient GV optimization for feature: (27)  number of iterations=13
2018-11-23 14:59:49,999 [http-nio-8080-exec-2] INFO  marytts.PStream Gradient GV optimization for feature: (28)  number of iterations=10
2018-11-23 14:59:49,999 [http-nio-8080-exec-2] INFO  marytts.PStream Gradient GV optimization for feature: (29)  number of iterations=3
2018-11-23 14:59:50,000 [http-nio-8080-exec-2] INFO  marytts.PStream Gradient GV optimization for feature: (30)  number of iterations=13
2018-11-23 14:59:50,001 [http-nio-8080-exec-2] INFO  marytts.PStream Gradient GV optimization for feature: (31)  number of iterations=14
2018-11-23 14:59:50,001 [http-nio-8080-exec-2] INFO  marytts.PStream Gradient GV optimization for feature: (32)  number of iterations=13
2018-11-23 14:59:50,002 [http-nio-8080-exec-2] INFO  marytts.PStream Gradient GV optimization for feature: (33)  number of iterations=4
2018-11-23 14:59:50,002 [http-nio-8080-exec-2] INFO  marytts.PStream Gradient GV optimization for feature: (34)  number of iterations=8
2018-11-23 14:59:50,002 [http-nio-8080-exec-2] INFO  marytts.ParameterGeneration Using f0 from maryXML acoustparams
2018-11-23 14:59:50,003 [http-nio-8080-exec-2] INFO  marytts.PStream Context-dependent global variance optimization: gvLength = 305
2018-11-23 14:59:50,007 [http-nio-8080-exec-2] INFO  marytts.PStream Gradient GV optimization for feature: (0)  number of iterations=68
2018-11-23 14:59:50,010 [http-nio-8080-exec-2] INFO  marytts.PStream Gradient GV optimization for feature: (1)  number of iterations=8
2018-11-23 14:59:50,011 [http-nio-8080-exec-2] INFO  marytts.PStream Gradient GV optimization for feature: (2)  number of iterations=12
2018-11-23 14:59:50,012 [http-nio-8080-exec-2] INFO  marytts.PStream Gradient GV optimization for feature: (3)  number of iterations=22
2018-11-23 14:59:50,013 [http-nio-8080-exec-2] INFO  marytts.PStream Gradient GV optimization for feature: (4)  number of iterations=18
2018-11-23 14:59:50,014 [http-nio-8080-exec-2] INFO  marytts.R 1 Request processed in 45 ms.
2018-11-23 14:59:50,014 [http-nio-8080-exec-2] INFO  marytts.R 1    TextToMaryXML took 0 ms
2018-11-23 14:59:50,014 [http-nio-8080-exec-2] INFO  marytts.R 1    JTokeniser took 1 ms
2018-11-23 14:59:50,014 [http-nio-8080-exec-2] INFO  marytts.R 1    Preprocess took 1 ms
2018-11-23 14:59:50,014 [http-nio-8080-exec-2] INFO  marytts.R 1    OpenNLPPosTagger took 1 ms
2018-11-23 14:59:50,014 [http-nio-8080-exec-2] INFO  marytts.R 1    JPhonemiser took 1 ms
2018-11-23 14:59:50,014 [http-nio-8080-exec-2] INFO  marytts.R 1    Prosody took 1 ms
2018-11-23 14:59:50,014 [http-nio-8080-exec-2] INFO  marytts.R 1    PronunciationModel took 0 ms
2018-11-23 14:59:50,014 [http-nio-8080-exec-2] INFO  marytts.R 1    AcousticModeller took 5 ms
2018-11-23 14:59:50,014 [http-nio-8080-exec-2] INFO  marytts.R 1    Synthesis took 35 ms
2018-11-23 15:00:13,595 [http-nio-8080-exec-5] INFO  marytts.R 1 New request (input type "TEXT", output type "AUDIO", voice "cmu-slt-hsmm", audio "WAVE")
2018-11-23 15:00:13,595 [http-nio-8080-exec-5] INFO  marytts.R 1 Handling request using the following modules:
2018-11-23 15:00:13,595 [http-nio-8080-exec-5] INFO  marytts.R 1 - TextToMaryXML (marytts.modules.TextToMaryXML)
2018-11-23 15:00:13,595 [http-nio-8080-exec-5] INFO  marytts.R 1 Next module: TextToMaryXML
2018-11-23 15:00:13,595 [http-nio-8080-exec-5] INFO  marytts.R 1 Handling request using the following modules:
2018-11-23 15:00:13,595 [http-nio-8080-exec-5] INFO  marytts.R 1 - JTokeniser (marytts.language.en.JTokeniser)
2018-11-23 15:00:13,595 [http-nio-8080-exec-5] INFO  marytts.R 1 - Preprocess (marytts.language.en.Preprocess)
2018-11-23 15:00:13,595 [http-nio-8080-exec-5] INFO  marytts.R 1 - OpenNLPPosTagger (marytts.modules.OpenNLPPosTagger)
2018-11-23 15:00:13,596 [http-nio-8080-exec-5] INFO  marytts.R 1 - JPhonemiser (marytts.modules.JPhonemiser)
2018-11-23 15:00:13,596 [http-nio-8080-exec-5] INFO  marytts.R 1 - Prosody (marytts.language.en.Prosody)
2018-11-23 15:00:13,596 [http-nio-8080-exec-5] INFO  marytts.R 1 - PronunciationModel (marytts.language.en.PronunciationModel)
2018-11-23 15:00:13,596 [http-nio-8080-exec-5] INFO  marytts.R 1 - AcousticModeller (marytts.modules.AcousticModeller)
2018-11-23 15:00:13,596 [http-nio-8080-exec-5] INFO  marytts.R 1 - Synthesis (marytts.modules.Synthesis)
2018-11-23 15:00:13,596 [http-nio-8080-exec-5] INFO  marytts.R 1 Next module: JTokeniser
2018-11-23 15:00:13,596 [http-nio-8080-exec-5] INFO  marytts.R 1 Next module: Preprocess
2018-11-23 15:00:13,597 [http-nio-8080-exec-5] INFO  marytts.R 1 Next module: OpenNLPPosTagger
2018-11-23 15:00:13,597 [http-nio-8080-exec-5] INFO  marytts.R 1 Next module: JPhonemiser
2018-11-23 15:00:13,598 [http-nio-8080-exec-5] INFO  marytts.R 1 Next module: Prosody
2018-11-23 15:00:13,599 [http-nio-8080-exec-5] INFO  marytts.R 1 Next module: PronunciationModel
2018-11-23 15:00:13,600 [http-nio-8080-exec-5] INFO  marytts.R 1 Next module: AcousticModeller
2018-11-23 15:00:13,606 [http-nio-8080-exec-5] INFO  marytts.ParameterGeneration Parameter generation for LF0: 
2018-11-23 15:00:13,607 [http-nio-8080-exec-5] INFO  marytts.PStream Context-dependent global variance optimization: gvLength = 329
2018-11-23 15:00:13,607 [http-nio-8080-exec-5] INFO  marytts.PStream Gradient GV optimization for feature: (0)  number of iterations=1
2018-11-23 15:00:13,608 [http-nio-8080-exec-5] INFO  marytts.R 1 Next module: Synthesis
2018-11-23 15:00:13,608 [http-nio-8080-exec-5] INFO  marytts.HMMSynthesizer Synthesizing one sentence.
2018-11-23 15:00:13,609 [http-nio-8080-exec-5] INFO  marytts.HTSEngine Using prosody from acoustparams.
2018-11-23 15:00:13,610 [http-nio-8080-exec-5] INFO  marytts.HTSEngine Number of models in sentence numModel=17  Total number of states numState=85
2018-11-23 15:00:13,610 [http-nio-8080-exec-5] INFO  marytts.HTSEngine Total number of frames=550  Number of voiced frames=329
2018-11-23 15:00:13,611 [http-nio-8080-exec-5] INFO  marytts.ParameterGeneration Parameter generation for MGC: 
2018-11-23 15:00:13,611 [http-nio-8080-exec-5] INFO  marytts.PStream Context-dependent global variance optimization: gvLength = 469
2018-11-23 15:00:13,613 [http-nio-8080-exec-5] INFO  marytts.PStream Gradient GV optimization for feature: (0)  number of iterations=64
2018-11-23 15:00:13,614 [http-nio-8080-exec-5] INFO  marytts.PStream Gradient GV optimization for feature: (1)  number of iterations=25
2018-11-23 15:00:13,614 [http-nio-8080-exec-5] INFO  marytts.PStream Gradient GV optimization for feature: (2)  number of iterations=34
2018-11-23 15:00:13,615 [http-nio-8080-exec-5] INFO  marytts.PStream Gradient GV optimization for feature: (3)  number of iterations=3
2018-11-23 15:00:13,615 [http-nio-8080-exec-5] INFO  marytts.PStream Gradient GV optimization for feature: (4)  number of iterations=21
2018-11-23 15:00:13,615 [http-nio-8080-exec-5] INFO  marytts.PStream Gradient GV optimization for feature: (5)  number of iterations=2
2018-11-23 15:00:13,616 [http-nio-8080-exec-5] INFO  marytts.PStream Gradient GV optimization for feature: (6)  number of iterations=6
2018-11-23 15:00:13,616 [http-nio-8080-exec-5] INFO  marytts.PStream Gradient GV optimization for feature: (7)  number of iterations=20
2018-11-23 15:00:13,617 [http-nio-8080-exec-5] INFO  marytts.PStream Gradient GV optimization for feature: (8)  number of iterations=22
2018-11-23 15:00:13,617 [http-nio-8080-exec-5] INFO  marytts.PStream Gradient GV optimization for feature: (9)  number of iterations=4
2018-11-23 15:00:13,618 [http-nio-8080-exec-5] INFO  marytts.PStream Gradient GV optimization for feature: (10)  number of iterations=17
2018-11-23 15:00:13,621 [http-nio-8080-exec-5] INFO  marytts.PStream Gradient GV optimization for feature: (11)  number of iterations=17
2018-11-23 15:00:13,622 [http-nio-8080-exec-5] INFO  marytts.PStream Gradient GV optimization for feature: (12)  number of iterations=6
2018-11-23 15:00:13,624 [http-nio-8080-exec-5] INFO  marytts.PStream Gradient GV optimization for feature: (13)  number of iterations=23
2018-11-23 15:00:13,625 [http-nio-8080-exec-5] INFO  marytts.PStream Gradient GV optimization for feature: (14)  number of iterations=16
2018-11-23 15:00:13,627 [http-nio-8080-exec-5] INFO  marytts.PStream Gradient GV optimization for feature: (15)  number of iterations=13
2018-11-23 15:00:13,628 [http-nio-8080-exec-5] INFO  marytts.PStream Gradient GV optimization for feature: (16)  number of iterations=18
2018-11-23 15:00:13,628 [http-nio-8080-exec-5] INFO  marytts.PStream Gradient GV optimization for feature: (17)  number of iterations=16
2018-11-23 15:00:13,629 [http-nio-8080-exec-5] INFO  marytts.PStream Gradient GV optimization for feature: (18)  number of iterations=16
2018-11-23 15:00:13,630 [http-nio-8080-exec-5] INFO  marytts.PStream Gradient GV optimization for feature: (19)  number of iterations=12
2018-11-23 15:00:13,630 [http-nio-8080-exec-5] INFO  marytts.PStream Gradient GV optimization for feature: (20)  number of iterations=14
2018-11-23 15:00:13,631 [http-nio-8080-exec-5] INFO  marytts.PStream Gradient GV optimization for feature: (21)  number of iterations=15
2018-11-23 15:00:13,631 [http-nio-8080-exec-5] INFO  marytts.PStream Gradient GV optimization for feature: (22)  number of iterations=3
2018-11-23 15:00:13,632 [http-nio-8080-exec-5] INFO  marytts.PStream Gradient GV optimization for feature: (23)  number of iterations=18
2018-11-23 15:00:13,632 [http-nio-8080-exec-5] INFO  marytts.PStream Gradient GV optimization for feature: (24)  number of iterations=11
2018-11-23 15:00:13,632 [http-nio-8080-exec-5] INFO  marytts.PStream Gradient GV optimization for feature: (25)  number of iterations=10
2018-11-23 15:00:13,633 [http-nio-8080-exec-5] INFO  marytts.PStream Gradient GV optimization for feature: (26)  number of iterations=16
2018-11-23 15:00:13,633 [http-nio-8080-exec-5] INFO  marytts.PStream Gradient GV optimization for feature: (27)  number of iterations=12
2018-11-23 15:00:13,634 [http-nio-8080-exec-5] INFO  marytts.PStream Gradient GV optimization for feature: (28)  number of iterations=17
2018-11-23 15:00:13,634 [http-nio-8080-exec-5] INFO  marytts.PStream Gradient GV optimization for feature: (29)  number of iterations=16
2018-11-23 15:00:13,635 [http-nio-8080-exec-5] INFO  marytts.PStream Gradient GV optimization for feature: (30)  number of iterations=10
2018-11-23 15:00:13,636 [http-nio-8080-exec-5] INFO  marytts.PStream Gradient GV optimization for feature: (31)  number of iterations=14
2018-11-23 15:00:13,639 [http-nio-8080-exec-5] INFO  marytts.PStream Gradient GV optimization for feature: (32)  number of iterations=8
2018-11-23 15:00:13,642 [http-nio-8080-exec-5] INFO  marytts.PStream Gradient GV optimization for feature: (33)  number of iterations=8
2018-11-23 15:00:13,643 [http-nio-8080-exec-5] INFO  marytts.PStream Gradient GV optimization for feature: (34)  number of iterations=9
2018-11-23 15:00:13,643 [http-nio-8080-exec-5] INFO  marytts.ParameterGeneration Using f0 from maryXML acoustparams
2018-11-23 15:00:13,643 [http-nio-8080-exec-5] INFO  marytts.PStream Context-dependent global variance optimization: gvLength = 469
2018-11-23 15:00:13,644 [http-nio-8080-exec-5] INFO  marytts.PStream Gradient GV optimization for feature: (0)  number of iterations=40
2018-11-23 15:00:13,644 [http-nio-8080-exec-5] INFO  marytts.PStream Gradient GV optimization for feature: (1)  number of iterations=8
2018-11-23 15:00:13,644 [http-nio-8080-exec-5] INFO  marytts.PStream Gradient GV optimization for feature: (2)  number of iterations=4
2018-11-23 15:00:13,645 [http-nio-8080-exec-5] INFO  marytts.PStream Gradient GV optimization for feature: (3)  number of iterations=2
2018-11-23 15:00:13,645 [http-nio-8080-exec-5] INFO  marytts.PStream Gradient GV optimization for feature: (4)  number of iterations=14
2018-11-23 15:00:13,646 [http-nio-8080-exec-5] INFO  marytts.R 1 Request processed in 51 ms.
2018-11-23 15:00:13,646 [http-nio-8080-exec-5] INFO  marytts.R 1    TextToMaryXML took 0 ms
2018-11-23 15:00:13,646 [http-nio-8080-exec-5] INFO  marytts.R 1    JTokeniser took 0 ms
2018-11-23 15:00:13,646 [http-nio-8080-exec-5] INFO  marytts.R 1    Preprocess took 1 ms
2018-11-23 15:00:13,646 [http-nio-8080-exec-5] INFO  marytts.R 1    OpenNLPPosTagger took 0 ms
2018-11-23 15:00:13,646 [http-nio-8080-exec-5] INFO  marytts.R 1    JPhonemiser took 1 ms
2018-11-23 15:00:13,646 [http-nio-8080-exec-5] INFO  marytts.R 1    Prosody took 1 ms
2018-11-23 15:00:13,646 [http-nio-8080-exec-5] INFO  marytts.R 1    PronunciationModel took 1 ms
2018-11-23 15:00:13,646 [http-nio-8080-exec-5] INFO  marytts.R 1    AcousticModeller took 8 ms
2018-11-23 15:00:13,646 [http-nio-8080-exec-5] INFO  marytts.R 1    Synthesis took 38 ms
